La génération a démarré 2016-01-11 20:27:26.
     1>Projet "C:\Users\Élise\Desktop\Pokemon\Interface\Interface.vcxproj" sur le nœud 2 (Build cible(s)).
     1>ClCompile:
         C:\Program Files (x86)\Microsoft Visual Studio 12.0\VC\bin\CL.exe /c /ZI /nologo /W3 /WX- /Od /Oy- /D _MBCS /Gm /EHsc /RTC1 /MDd /GS /fp:precise /Zc:wchar_t /Zc:forScope /Fo"Debug\\" /Fd"Debug\vc120.pdb" /Gd /TP /analyze- /errorReport:prompt About.cpp Animation.cpp CombatMenu.cpp Main.cpp Map.cpp Menu.cpp MenuBag.cpp MenuOption.cpp PartyMenu.cpp Player.cpp PokeMartMenu.cpp Starter.cpp Tile.cpp
         Tile.cpp
         Starter.cpp
     1>c:\users\élise\desktop\pokemon\interface\starter.cpp(97): warning C4244: 'initialisation' : conversion de 'const float' en 'int', perte possible de données
         PokeMartMenu.cpp
     1>c:\users\élise\desktop\pokemon\interface\pokemartmenu.cpp(151): warning C4244: 'initialisation' : conversion de 'const float' en 'int', perte possible de données
     1>c:\users\élise\desktop\pokemon\interface\pokemartmenu.cpp(152): warning C4244: 'initialisation' : conversion de 'const float' en 'int', perte possible de données
     1>c:\users\élise\desktop\pokemon\interface\pokemartmenu.cpp(160): warning C4244: 'argument' : conversion de 'int' en 'float', perte possible de données
     1>c:\users\élise\desktop\pokemon\interface\pokemartmenu.cpp(164): warning C4244: 'argument' : conversion de 'int' en 'float', perte possible de données
     1>c:\users\élise\desktop\pokemon\interface\pokemartmenu.cpp(169): warning C4244: 'argument' : conversion de 'int' en 'float', perte possible de données
     1>c:\users\élise\desktop\pokemon\interface\pokemartmenu.cpp(173): warning C4244: 'argument' : conversion de 'int' en 'float', perte possible de données
     1>c:\users\élise\desktop\pokemon\interface\pokemartmenu.cpp(177): warning C4244: 'argument' : conversion de 'int' en 'float', perte possible de données
     1>c:\users\élise\desktop\pokemon\interface\pokemartmenu.cpp(184): warning C4244: 'argument' : conversion de 'int' en 'float', perte possible de données
     1>c:\users\élise\desktop\pokemon\interface\pokemartmenu.cpp(188): warning C4244: 'argument' : conversion de 'int' en 'float', perte possible de données
     1>c:\users\élise\desktop\pokemon\interface\pokemartmenu.cpp(194): warning C4244: 'argument' : conversion de 'int' en 'float', perte possible de données
     1>c:\users\élise\desktop\pokemon\interface\pokemartmenu.cpp(198): warning C4244: 'argument' : conversion de 'int' en 'float', perte possible de données
     1>c:\users\élise\desktop\pokemon\interface\pokemartmenu.cpp(204): warning C4244: 'argument' : conversion de 'int' en 'float', perte possible de données
     1>c:\users\élise\desktop\pokemon\interface\pokemartmenu.cpp(213): warning C4244: 'argument' : conversion de 'int' en 'float', perte possible de données
     1>c:\users\élise\desktop\pokemon\interface\pokemartmenu.cpp(217): warning C4244: 'argument' : conversion de 'int' en 'float', perte possible de données
     1>c:\users\élise\desktop\pokemon\interface\pokemartmenu.cpp(226): warning C4244: 'initialisation' : conversion de 'const float' en 'int', perte possible de données
     1>c:\users\élise\desktop\pokemon\interface\pokemartmenu.cpp(248): warning C4244: 'initialisation' : conversion de 'const float' en 'int', perte possible de données
     1>c:\users\élise\desktop\pokemon\interface\pokemartmenu.cpp(249): warning C4244: 'initialisation' : conversion de 'const float' en 'int', perte possible de données
     1>c:\users\élise\desktop\pokemon\interface\pokemartmenu.cpp(330): warning C4244: 'initialisation' : conversion de 'const float' en 'int', perte possible de données
     1>c:\users\élise\desktop\pokemon\interface\pokemartmenu.cpp(338): warning C4018: '<' : incompatibilité signed/unsigned
     1>c:\users\élise\desktop\pokemon\interface\pokemartmenu.cpp(454): warning C4244: 'argument' : conversion de 'int' en 'float', perte possible de données
         Player.cpp
     1>c:\users\élise\desktop\pokemon\interface\player.cpp(15): warning C4244: '=' : conversion de 'int' en 'float', perte possible de données
     1>c:\users\élise\desktop\pokemon\interface\player.cpp(16): warning C4244: '=' : conversion de 'int' en 'float', perte possible de données
     1>c:\users\élise\desktop\pokemon\interface\player.cpp(21): warning C4244: 'argument' : conversion de 'int' en 'float', perte possible de données
     1>c:\users\élise\desktop\pokemon\interface\player.cpp(39): warning C4244: 'argument' : conversion de 'float' en 'int', perte possible de données
     1>c:\users\élise\desktop\pokemon\interface\player.cpp(47): warning C4244: 'argument' : conversion de 'float' en 'int', perte possible de données
     1>c:\users\élise\desktop\pokemon\interface\player.cpp(55): warning C4244: 'argument' : conversion de 'float' en 'int', perte possible de données
     1>c:\users\élise\desktop\pokemon\interface\player.cpp(63): warning C4244: 'argument' : conversion de 'float' en 'int', perte possible de données
     1>c:\users\élise\desktop\pokemon\interface\player.cpp(73): warning C4244: 'argument' : conversion de 'float' en 'int', perte possible de données
     1>c:\users\élise\desktop\pokemon\interface\player.cpp(75): warning C4244: 'argument' : conversion de 'float' en 'int', perte possible de données
     1>c:\users\élise\desktop\pokemon\interface\player.cpp(76): warning C4244: 'argument' : conversion de 'float' en 'int', perte possible de données
     1>c:\users\élise\desktop\pokemon\interface\player.cpp(88): warning C4244: 'return' : conversion de 'const float' en 'int', perte possible de données
     1>c:\users\élise\desktop\pokemon\interface\player.cpp(93): warning C4244: 'return' : conversion de 'const float' en 'int', perte possible de données
     1>c:\users\élise\desktop\pokemon\interface\player.cpp(98): warning C4244: '=' : conversion de 'int' en 'float', perte possible de données
     1>c:\users\élise\desktop\pokemon\interface\player.cpp(103): warning C4244: '=' : conversion de 'int' en 'float', perte possible de données
         PartyMenu.cpp
     1>c:\users\élise\desktop\pokemon\interface\partymenu.cpp(351): warning C4244: 'initialisation' : conversion de 'const float' en 'int', perte possible de données
     1>c:\users\élise\desktop\pokemon\interface\partymenu.cpp(352): warning C4244: 'initialisation' : conversion de 'const float' en 'int', perte possible de données
     1>c:\users\élise\desktop\pokemon\interface\partymenu.cpp(373): warning C4244: 'argument' : conversion de 'int' en 'float', perte possible de données
     1>c:\users\élise\desktop\pokemon\interface\partymenu.cpp(377): warning C4244: 'argument' : conversion de 'int' en 'float', perte possible de données
     1>c:\users\élise\desktop\pokemon\interface\partymenu.cpp(381): warning C4244: 'argument' : conversion de 'int' en 'float', perte possible de données
     1>c:\users\élise\desktop\pokemon\interface\partymenu.cpp(385): warning C4244: 'argument' : conversion de 'int' en 'float', perte possible de données
     1>c:\users\élise\desktop\pokemon\interface\partymenu.cpp(389): warning C4244: 'argument' : conversion de 'int' en 'float', perte possible de données
     1>c:\users\élise\desktop\pokemon\interface\partymenu.cpp(393): warning C4244: 'argument' : conversion de 'int' en 'float', perte possible de données
     1>c:\users\élise\desktop\pokemon\interface\partymenu.cpp(400): warning C4244: 'argument' : conversion de 'int' en 'float', perte possible de données
     1>c:\users\élise\desktop\pokemon\interface\partymenu.cpp(404): warning C4244: 'argument' : conversion de 'int' en 'float', perte possible de données
     1>c:\users\élise\desktop\pokemon\interface\partymenu.cpp(408): warning C4244: 'argument' : conversion de 'int' en 'float', perte possible de données
     1>c:\users\élise\desktop\pokemon\interface\partymenu.cpp(412): warning C4244: 'argument' : conversion de 'int' en 'float', perte possible de données
     1>c:\users\élise\desktop\pokemon\interface\partymenu.cpp(416): warning C4244: 'argument' : conversion de 'int' en 'float', perte possible de données
     1>c:\users\élise\desktop\pokemon\interface\partymenu.cpp(420): warning C4244: 'argument' : conversion de 'int' en 'float', perte possible de données
     1>c:\users\élise\desktop\pokemon\interface\partymenu.cpp(428): warning C4244: 'argument' : conversion de 'int' en 'float', perte possible de données
     1>c:\users\élise\desktop\pokemon\interface\partymenu.cpp(432): warning C4244: 'argument' : conversion de 'int' en 'float', perte possible de données
     1>c:\users\élise\desktop\pokemon\interface\partymenu.cpp(439): warning C4244: 'initialisation' : conversion de 'const float' en 'int', perte possible de données
     1>c:\users\élise\desktop\pokemon\interface\partymenu.cpp(440): warning C4244: 'initialisation' : conversion de 'const float' en 'int', perte possible de données
     1>c:\users\élise\desktop\pokemon\interface\partymenu.cpp(462): warning C4244: 'argument' : conversion de 'int' en 'float', perte possible de données
     1>c:\users\élise\desktop\pokemon\interface\partymenu.cpp(465): warning C4244: 'argument' : conversion de 'int' en 'float', perte possible de données
     1>c:\users\élise\desktop\pokemon\interface\partymenu.cpp(468): warning C4244: 'argument' : conversion de 'int' en 'float', perte possible de données
     1>c:\users\élise\desktop\pokemon\interface\partymenu.cpp(471): warning C4244: 'argument' : conversion de 'int' en 'float', perte possible de données
     1>c:\users\élise\desktop\pokemon\interface\partymenu.cpp(474): warning C4244: 'argument' : conversion de 'int' en 'float', perte possible de données
     1>c:\users\élise\desktop\pokemon\interface\partymenu.cpp(477): warning C4244: 'argument' : conversion de 'int' en 'float', perte possible de données
     1>c:\users\élise\desktop\pokemon\interface\partymenu.cpp(481): warning C4244: 'argument' : conversion de 'int' en 'float', perte possible de données
     1>c:\users\élise\desktop\pokemon\interface\partymenu.cpp(484): warning C4244: 'argument' : conversion de 'int' en 'float', perte possible de données
     1>c:\users\élise\desktop\pokemon\interface\partymenu.cpp(487): warning C4244: 'argument' : conversion de 'int' en 'float', perte possible de données
     1>c:\users\élise\desktop\pokemon\interface\partymenu.cpp(490): warning C4244: 'argument' : conversion de 'int' en 'float', perte possible de données
     1>c:\users\élise\desktop\pokemon\interface\partymenu.cpp(493): warning C4244: 'argument' : conversion de 'int' en 'float', perte possible de données
     1>c:\users\élise\desktop\pokemon\interface\partymenu.cpp(496): warning C4244: 'argument' : conversion de 'int' en 'float', perte possible de données
     1>c:\users\élise\desktop\pokemon\interface\partymenu.cpp(504): warning C4244: 'initialisation' : conversion de 'const float' en 'int', perte possible de données
     1>c:\users\élise\desktop\pokemon\interface\partymenu.cpp(505): warning C4244: 'initialisation' : conversion de 'const float' en 'int', perte possible de données
     1>c:\users\élise\desktop\pokemon\interface\partymenu.cpp(512): warning C4244: 'argument' : conversion de 'int' en 'float', perte possible de données
     1>c:\users\élise\desktop\pokemon\interface\partymenu.cpp(515): warning C4244: 'argument' : conversion de 'int' en 'float', perte possible de données
     1>c:\users\élise\desktop\pokemon\interface\partymenu.cpp(518): warning C4244: 'argument' : conversion de 'int' en 'float', perte possible de données
     1>c:\users\élise\desktop\pokemon\interface\partymenu.cpp(521): warning C4244: 'argument' : conversion de 'int' en 'float', perte possible de données
     1>c:\users\élise\desktop\pokemon\interface\partymenu.cpp(524): warning C4244: 'argument' : conversion de 'int' en 'float', perte possible de données
     1>c:\users\élise\desktop\pokemon\interface\partymenu.cpp(527): warning C4244: 'argument' : conversion de 'int' en 'float', perte possible de données
     1>c:\users\élise\desktop\pokemon\interface\partymenu.cpp(536): warning C4244: 'argument' : conversion de 'int' en 'float', perte possible de données
     1>c:\users\élise\desktop\pokemon\interface\partymenu.cpp(539): warning C4244: 'argument' : conversion de 'int' en 'float', perte possible de données
     1>c:\users\élise\desktop\pokemon\interface\partymenu.cpp(542): warning C4244: 'argument' : conversion de 'int' en 'float', perte possible de données
     1>c:\users\élise\desktop\pokemon\interface\partymenu.cpp(545): warning C4244: 'argument' : conversion de 'int' en 'float', perte possible de données
     1>c:\users\élise\desktop\pokemon\interface\partymenu.cpp(548): warning C4244: 'argument' : conversion de 'int' en 'float', perte possible de données
     1>c:\users\élise\desktop\pokemon\interface\partymenu.cpp(551): warning C4244: 'argument' : conversion de 'int' en 'float', perte possible de données
     1>c:\users\élise\desktop\pokemon\interface\partymenu.cpp(560): warning C4244: 'initialisation' : conversion de 'const float' en 'int', perte possible de données
     1>c:\users\élise\desktop\pokemon\interface\partymenu.cpp(561): warning C4244: 'initialisation' : conversion de 'const float' en 'int', perte possible de données
     1>c:\users\élise\desktop\pokemon\interface\partymenu.cpp(596): warning C4244: 'argument' : conversion de 'int' en 'float', perte possible de données
     1>c:\users\élise\desktop\pokemon\interface\partymenu.cpp(597): warning C4244: 'argument' : conversion de 'int' en 'float', perte possible de données
     1>c:\users\élise\desktop\pokemon\interface\partymenu.cpp(598): warning C4244: 'argument' : conversion de 'int' en 'float', perte possible de données
     1>c:\users\élise\desktop\pokemon\interface\partymenu.cpp(599): warning C4244: 'argument' : conversion de 'int' en 'float', perte possible de données
     1>c:\users\élise\desktop\pokemon\interface\partymenu.cpp(607): warning C4244: 'argument' : conversion de 'int' en 'float', perte possible de données
     1>c:\users\élise\desktop\pokemon\interface\partymenu.cpp(608): warning C4244: 'argument' : conversion de 'int' en 'float', perte possible de données
     1>c:\users\élise\desktop\pokemon\interface\partymenu.cpp(609): warning C4244: 'argument' : conversion de 'int' en 'float', perte possible de données
     1>c:\users\élise\desktop\pokemon\interface\partymenu.cpp(610): warning C4244: 'argument' : conversion de 'int' en 'float', perte possible de données
     1>c:\users\élise\desktop\pokemon\interface\partymenu.cpp(623): warning C4244: 'argument' : conversion de 'int' en 'float', perte possible de données
     1>c:\users\élise\desktop\pokemon\interface\partymenu.cpp(624): warning C4244: 'argument' : conversion de 'int' en 'float', perte possible de données
     1>c:\users\élise\desktop\pokemon\interface\partymenu.cpp(625): warning C4244: 'argument' : conversion de 'int' en 'float', perte possible de données
     1>c:\users\élise\desktop\pokemon\interface\partymenu.cpp(626): warning C4244: 'argument' : conversion de 'int' en 'float', perte possible de données
     1>c:\users\élise\desktop\pokemon\interface\partymenu.cpp(639): warning C4244: 'argument' : conversion de 'int' en 'float', perte possible de données
     1>c:\users\élise\desktop\pokemon\interface\partymenu.cpp(640): warning C4244: 'argument' : conversion de 'int' en 'float', perte possible de données
     1>c:\users\élise\desktop\pokemon\interface\partymenu.cpp(641): warning C4244: 'argument' : conversion de 'int' en 'float', perte possible de données
     1>c:\users\élise\desktop\pokemon\interface\partymenu.cpp(642): warning C4244: 'argument' : conversion de 'int' en 'float', perte possible de données
     1>c:\users\élise\desktop\pokemon\interface\partymenu.cpp(655): warning C4244: 'argument' : conversion de 'int' en 'float', perte possible de données
     1>c:\users\élise\desktop\pokemon\interface\partymenu.cpp(656): warning C4244: 'argument' : conversion de 'int' en 'float', perte possible de données
     1>c:\users\élise\desktop\pokemon\interface\partymenu.cpp(657): warning C4244: 'argument' : conversion de 'int' en 'float', perte possible de données
     1>c:\users\élise\desktop\pokemon\interface\partymenu.cpp(658): warning C4244: 'argument' : conversion de 'int' en 'float', perte possible de données
     1>c:\users\élise\desktop\pokemon\interface\partymenu.cpp(671): warning C4244: 'argument' : conversion de 'int' en 'float', perte possible de données
     1>c:\users\élise\desktop\pokemon\interface\partymenu.cpp(672): warning C4244: 'argument' : conversion de 'int' en 'float', perte possible de données
     1>c:\users\élise\desktop\pokemon\interface\partymenu.cpp(673): warning C4244: 'argument' : conversion de 'int' en 'float', perte possible de données
     1>c:\users\élise\desktop\pokemon\interface\partymenu.cpp(674): warning C4244: 'argument' : conversion de 'int' en 'float', perte possible de données
     1>c:\users\élise\desktop\pokemon\interface\partymenu.cpp(703): warning C4244: 'initialisation' : conversion de 'const float' en 'int', perte possible de données
     1>c:\users\élise\desktop\pokemon\interface\partymenu.cpp(704): warning C4244: 'initialisation' : conversion de 'const float' en 'int', perte possible de données
     1>c:\users\élise\desktop\pokemon\interface\partymenu.cpp(797): warning C4244: 'initialisation' : conversion de 'const float' en 'int', perte possible de données
     1>c:\users\élise\desktop\pokemon\interface\partymenu.cpp(798): warning C4244: 'initialisation' : conversion de 'const float' en 'int', perte possible de données
     1>c:\users\élise\desktop\pokemon\interface\partymenu.cpp(853): warning C4244: 'argument' : conversion de 'int' en 'float', perte possible de données
         MenuOption.cpp
     1>c:\users\élise\desktop\pokemon\interface\menuoption.cpp(192): warning C4244: 'initialisation' : conversion de 'const float' en 'int', perte possible de données
     1>c:\users\élise\desktop\pokemon\interface\menuoption.cpp(193): warning C4244: 'initialisation' : conversion de 'const float' en 'int', perte possible de données
     1>c:\users\élise\desktop\pokemon\interface\menuoption.cpp(199): warning C4244: 'argument' : conversion de 'int' en 'float', perte possible de données
     1>c:\users\élise\desktop\pokemon\interface\menuoption.cpp(203): warning C4244: 'argument' : conversion de 'int' en 'float', perte possible de données
     1>c:\users\élise\desktop\pokemon\interface\menuoption.cpp(207): warning C4244: 'argument' : conversion de 'int' en 'float', perte possible de données
     1>c:\users\élise\desktop\pokemon\interface\menuoption.cpp(211): warning C4244: 'argument' : conversion de 'int' en 'float', perte possible de données
     1>c:\users\élise\desktop\pokemon\interface\menuoption.cpp(215): warning C4244: 'argument' : conversion de 'int' en 'float', perte possible de données
     1>c:\users\élise\desktop\pokemon\interface\menuoption.cpp(222): warning C4244: 'argument' : conversion de 'int' en 'float', perte possible de données
     1>c:\users\élise\desktop\pokemon\interface\menuoption.cpp(226): warning C4244: 'argument' : conversion de 'int' en 'float', perte possible de données
     1>c:\users\élise\desktop\pokemon\interface\menuoption.cpp(230): warning C4244: 'argument' : conversion de 'int' en 'float', perte possible de données
     1>c:\users\élise\desktop\pokemon\interface\menuoption.cpp(234): warning C4244: 'argument' : conversion de 'int' en 'float', perte possible de données
     1>c:\users\élise\desktop\pokemon\interface\menuoption.cpp(238): warning C4244: 'argument' : conversion de 'int' en 'float', perte possible de données
     1>c:\users\élise\desktop\pokemon\interface\menuoption.cpp(247): warning C4244: 'initialisation' : conversion de 'const float' en 'int', perte possible de données
     1>c:\users\élise\desktop\pokemon\interface\menuoption.cpp(248): warning C4244: 'initialisation' : conversion de 'const float' en 'int', perte possible de données
         MenuBag.cpp
     1>c:\users\élise\desktop\pokemon\interface\menubag.cpp(252): warning C4018: '<' : incompatibilité signed/unsigned
     1>c:\users\élise\desktop\pokemon\interface\menubag.cpp(274): warning C4244: 'initialisation' : conversion de 'const float' en 'int', perte possible de données
     1>c:\users\élise\desktop\pokemon\interface\menubag.cpp(275): warning C4244: 'initialisation' : conversion de 'const float' en 'int', perte possible de données
     1>c:\users\élise\desktop\pokemon\interface\menubag.cpp(354): warning C4244: 'initialisation' : conversion de 'const float' en 'int', perte possible de données
     1>c:\users\élise\desktop\pokemon\interface\menubag.cpp(355): warning C4244: 'initialisation' : conversion de 'const float' en 'int', perte possible de données
     1>c:\users\élise\desktop\pokemon\interface\menubag.cpp(361): warning C4244: 'argument' : conversion de 'int' en 'float', perte possible de données
     1>c:\users\élise\desktop\pokemon\interface\menubag.cpp(365): warning C4244: 'argument' : conversion de 'int' en 'float', perte possible de données
     1>c:\users\élise\desktop\pokemon\interface\menubag.cpp(369): warning C4244: 'argument' : conversion de 'int' en 'float', perte possible de données
     1>c:\users\élise\desktop\pokemon\interface\menubag.cpp(376): warning C4244: 'argument' : conversion de 'int' en 'float', perte possible de données
     1>c:\users\élise\desktop\pokemon\interface\menubag.cpp(380): warning C4244: 'argument' : conversion de 'int' en 'float', perte possible de données
     1>c:\users\élise\desktop\pokemon\interface\menubag.cpp(384): warning C4244: 'argument' : conversion de 'int' en 'float', perte possible de données
     1>c:\users\élise\desktop\pokemon\interface\menubag.cpp(394): warning C4244: 'initialisation' : conversion de 'const float' en 'int', perte possible de données
     1>c:\users\élise\desktop\pokemon\interface\menubag.cpp(395): warning C4244: 'initialisation' : conversion de 'const float' en 'int', perte possible de données
     1>c:\users\élise\desktop\pokemon\interface\menubag.cpp(396): warning C4244: 'initialisation' : conversion de 'const float' en 'int', perte possible de données
     1>c:\users\élise\desktop\pokemon\interface\menubag.cpp(397): warning C4244: 'initialisation' : conversion de 'const float' en 'int', perte possible de données
     1>c:\users\élise\desktop\pokemon\interface\menubag.cpp(405): warning C4244: 'argument' : conversion de 'int' en 'float', perte possible de données
     1>c:\users\élise\desktop\pokemon\interface\menubag.cpp(409): warning C4244: 'argument' : conversion de 'int' en 'float', perte possible de données
     1>c:\users\élise\desktop\pokemon\interface\menubag.cpp(413): warning C4244: 'argument' : conversion de 'int' en 'float', perte possible de données
     1>c:\users\élise\desktop\pokemon\interface\menubag.cpp(420): warning C4244: 'argument' : conversion de 'int' en 'float', perte possible de données
     1>c:\users\élise\desktop\pokemon\interface\menubag.cpp(424): warning C4244: 'argument' : conversion de 'int' en 'float', perte possible de données
     1>c:\users\élise\desktop\pokemon\interface\menubag.cpp(428): warning C4244: 'argument' : conversion de 'int' en 'float', perte possible de données
     1>c:\users\élise\desktop\pokemon\interface\menubag.cpp(435): warning C4244: 'argument' : conversion de 'int' en 'float', perte possible de données
     1>c:\users\élise\desktop\pokemon\interface\menubag.cpp(439): warning C4244: 'argument' : conversion de 'int' en 'float', perte possible de données
     1>c:\users\élise\desktop\pokemon\interface\menubag.cpp(443): warning C4244: 'argument' : conversion de 'int' en 'float', perte possible de données
     1>c:\users\élise\desktop\pokemon\interface\menubag.cpp(453): warning C4244: 'argument' : conversion de 'int' en 'float', perte possible de données
     1>c:\users\élise\desktop\pokemon\interface\menubag.cpp(457): warning C4244: 'argument' : conversion de 'int' en 'float', perte possible de données
     1>c:\users\élise\desktop\pokemon\interface\menubag.cpp(461): warning C4244: 'argument' : conversion de 'int' en 'float', perte possible de données
     1>c:\users\élise\desktop\pokemon\interface\menubag.cpp(468): warning C4244: 'argument' : conversion de 'int' en 'float', perte possible de données
     1>c:\users\élise\desktop\pokemon\interface\menubag.cpp(472): warning C4244: 'argument' : conversion de 'int' en 'float', perte possible de données
     1>c:\users\élise\desktop\pokemon\interface\menubag.cpp(476): warning C4244: 'argument' : conversion de 'int' en 'float', perte possible de données
     1>c:\users\élise\desktop\pokemon\interface\menubag.cpp(483): warning C4244: 'argument' : conversion de 'int' en 'float', perte possible de données
     1>c:\users\élise\desktop\pokemon\interface\menubag.cpp(487): warning C4244: 'argument' : conversion de 'int' en 'float', perte possible de données
     1>c:\users\élise\desktop\pokemon\interface\menubag.cpp(491): warning C4244: 'argument' : conversion de 'int' en 'float', perte possible de données
     1>c:\users\élise\desktop\pokemon\interface\menubag.cpp(503): warning C4244: 'initialisation' : conversion de 'const float' en 'int', perte possible de données
     1>c:\users\élise\desktop\pokemon\interface\menubag.cpp(504): warning C4244: 'initialisation' : conversion de 'const float' en 'int', perte possible de données
     1>c:\users\élise\desktop\pokemon\interface\menubag.cpp(724): warning C4244: 'initialisation' : conversion de 'const float' en 'int', perte possible de données
     1>c:\users\élise\desktop\pokemon\interface\menubag.cpp(788): warning C4244: 'initialisation' : conversion de 'const float' en 'int', perte possible de données
     1>c:\users\élise\desktop\pokemon\interface\menubag.cpp(789): warning C4244: 'initialisation' : conversion de 'const float' en 'int', perte possible de données
     1>c:\users\élise\desktop\pokemon\interface\menubag.cpp(831): warning C4244: 'argument' : conversion de 'int' en 'float', perte possible de données
     1>c:\users\élise\desktop\pokemon\interface\menubag.cpp(844): warning C4244: 'initialisation' : conversion de 'const float' en 'int', perte possible de données
     1>c:\users\élise\desktop\pokemon\interface\menubag.cpp(845): warning C4244: 'initialisation' : conversion de 'const float' en 'int', perte possible de données
         Menu.cpp
     1>c:\users\élise\desktop\pokemon\interface\menu.cpp(34): warning C4244: 'initialisation' : conversion de 'const float' en 'int', perte possible de données
     1>c:\users\élise\desktop\pokemon\interface\menu.cpp(74): warning C4244: 'initialisation' : conversion de 'const float' en 'int', perte possible de données
     1>c:\users\élise\desktop\pokemon\interface\menu.cpp(134): warning C4018: '<' : incompatibilité signed/unsigned
     1>c:\users\élise\desktop\pokemon\interface\menu.cpp(187): warning C4018: '<' : incompatibilité signed/unsigned
     1>c:\users\élise\desktop\pokemon\interface\menu.cpp(199): warning C4244: 'initialisation' : conversion de 'double' en 'float', perte possible de données
     1>c:\users\élise\desktop\pokemon\interface\menu.cpp(212): warning C4244: 'argument' : conversion de 'double' en 'int', perte possible de données
     1>c:\users\élise\desktop\pokemon\interface\menu.cpp(217): warning C4244: 'initialisation' : conversion de 'double' en 'float', perte possible de données
     1>c:\users\élise\desktop\pokemon\interface\menu.cpp(312): warning C4244: 'argument' : conversion de 'time_t' en 'unsigned int', perte possible de données
     1>c:\users\élise\desktop\pokemon\interface\menu.cpp(326): warning C4553: '==' : opérateur sans effet ; souhaitiez-vous '=' ?
     1>c:\users\élise\desktop\pokemon\interface\menu.cpp(334): warning C4553: '==' : opérateur sans effet ; souhaitiez-vous '=' ?
     1>c:\users\élise\desktop\pokemon\interface\menu.cpp(342): warning C4553: '==' : opérateur sans effet ; souhaitiez-vous '=' ?
     1>c:\users\élise\desktop\pokemon\interface\menu.cpp(349): warning C4018: '<' : incompatibilité signed/unsigned
         Map.cpp
     1>c:\users\élise\desktop\pokemon\interface\map.cpp(29): warning C4018: '<' : incompatibilité signed/unsigned
     1>c:\users\élise\desktop\pokemon\interface\map.cpp(42): warning C4244: 'argument' : conversion de 'int' en 'float', perte possible de données
     1>c:\users\élise\desktop\pokemon\interface\map.cpp(50): warning C4018: '<' : incompatibilité signed/unsigned
     1>c:\users\élise\desktop\pokemon\interface\map.cpp(58): warning C4018: '<' : incompatibilité signed/unsigned
     1>c:\users\élise\desktop\pokemon\interface\map.cpp(81): warning C4244: 'argument' : conversion de 'int' en 'float', perte possible de données
         Main.cpp
         CombatMenu.cpp
     1>c:\users\élise\desktop\pokemon\interface\combatmenu.cpp(323): warning C4244: 'initialisation' : conversion de 'const float' en 'int', perte possible de données
     1>c:\users\élise\desktop\pokemon\interface\combatmenu.cpp(324): warning C4244: 'initialisation' : conversion de 'const float' en 'int', perte possible de données
     1>c:\users\élise\desktop\pokemon\interface\combatmenu.cpp(400): warning C4244: 'initialisation' : conversion de 'const float' en 'int', perte possible de données
     1>c:\users\élise\desktop\pokemon\interface\combatmenu.cpp(401): warning C4244: 'initialisation' : conversion de 'const float' en 'int', perte possible de données
     1>c:\users\élise\desktop\pokemon\interface\combatmenu.cpp(619): warning C4018: '<' : incompatibilité signed/unsigned
         Animation.cpp
     1>c:\users\élise\desktop\pokemon\interface\animation.cpp(63): warning C4244: '=' : conversion de 'int' en 'float', perte possible de données
     1>c:\users\élise\desktop\pokemon\interface\animation.cpp(67): warning C4244: '=' : conversion de 'int' en 'float', perte possible de données
     1>c:\users\élise\desktop\pokemon\interface\animation.cpp(101): warning C4018: '>=' : incompatibilité signed/unsigned
         About.cpp
         Génération de code en cours...
     1>c:\users\élise\desktop\pokemon\interface\menubag.cpp(719): warning C4715: 'MenuBag::SelectItemSmallCursor' : les chemins de contrôle ne retournent pas tous une valeur
     1>c:\users\élise\desktop\pokemon\interface\partymenu.cpp(738): warning C4715: 'PartyMenu::SelectAction' : les chemins de contrôle ne retournent pas tous une valeur
       Link:
         C:\Program Files (x86)\Microsoft Visual Studio 12.0\VC\bin\link.exe /ERRORREPORT:PROMPT /OUT:"C:\Users\Élise\Desktop\Pokemon\Debug\Interface.exe" /INCREMENTAL /NOLOGO "sfml-system-d.lib" "sfml-main-d.lib" "sfml-graphics-d.lib" "sfml-audio-d.lib" "sfml-network-d.lib" "sfml-window-d.lib" kernel32.lib user32.lib gdi32.lib winspool.lib comdlg32.lib advapi32.lib shell32.lib ole32.lib oleaut32.lib uuid.lib odbc32.lib odbccp32.lib /MANIFEST /MANIFESTUAC:"level='asInvoker' uiAccess='false'" /manifest:embed /DEBUG /PDB:"C:\Users\Élise\Desktop\Pokemon\Debug\Interface.pdb" /TLBID:1 /DYNAMICBASE /NXCOMPAT /IMPLIB:"C:\Users\Élise\Desktop\Pokemon\Debug\Interface.lib" /MACHINE:X86 Debug\About.obj
         Debug\Animation.obj
         Debug\CombatMenu.obj
         Debug\Main.obj
         Debug\Map.obj
         Debug\Menu.obj
         Debug\MenuBag.obj
         Debug\MenuOption.obj
         Debug\PartyMenu.obj
         Debug\Player.obj
         Debug\PokeMartMenu.obj
         Debug\Starter.obj
         Debug\Tile.obj
         "C:\Users\Élise\Desktop\Pokemon\Debug\DataDeposit.lib"
         "C:\Users\Élise\Desktop\Pokemon\Debug\SoftwareLogic.lib"
         Interface.vcxproj -> C:\Users\Élise\Desktop\Pokemon\Debug\Interface.exe
     1>Génération du projet "C:\Users\Élise\Desktop\Pokemon\Interface\Interface.vcxproj" terminée (Build cible(s)).

La génération a réussi.

Temps écoulé 00:00:23.47
